<?xml version="1.0" encoding="UTF-8"?>
<!-- Generated by org.testng.reporters.JUnitReportReporter -->
<testsuite hostname="Abhishek" name="Automation2018.AutoShow.AppTest" tests="1" failures="0" timestamp="22 Dec 2017 18:14:02 GMT" time="3.817" errors="0">
  <testcase name="test2" time="3.817" classname="Automation2018.AutoShow.AppTest"/>
</testsuite> <!-- Automation2018.AutoShow.AppTest -->
