<?xml version="1.0" encoding="UTF-8"?>
<!-- Generated by org.testng.reporters.JUnitReportReporter -->
<testsuite hostname="Abhishek" name="Automation2018.AutoShow.LearnTest" tests="1" failures="0" timestamp="22 Dec 2017 18:14:02 GMT" time="5.848" errors="0">
  <testcase name="test1" time="5.848" classname="Automation2018.AutoShow.LearnTest"/>
</testsuite> <!-- Automation2018.AutoShow.LearnTest -->
